<?xml version="1.0" encoding="UTF-8"?>
<testng-results ignored="0" total="1" passed="1" failed="0" skipped="0">
  <reporter-output>
  </reporter-output>
  <suite started-at="2026-05-16T14:38:00 EDT" name="Default suite" finished-at="2026-05-16T14:38:04 EDT" duration-ms="4048">
    <groups>
      <group name="cucumber">
        <method signature="AbstractTestNGCucumberTests.runScenario(io.cucumber.testng.PickleWrapper,io.cucumber.testng.FeatureWrapper)[pri:0, instance:runner.JSRunner@4b013c76]" name="runScenario" class="io.cucumber.testng.AbstractTestNGCucumberTests"/>
      </group> <!-- cucumber -->
    </groups>
    <test started-at="2026-05-16T14:38:00 EDT" name="Default test" finished-at="2026-05-16T14:38:04 EDT" duration-ms="4048">
      <class name="runner.JSRunner">
        <test-method is-config="true" signature="setUpClass(org.testng.ITestContext)[pri:0, instance:runner.JSRunner@4b013c76]" started-at="2026-05-16T14:38:00 EDT" name="setUpClass" finished-at="2026-05-16T14:38:00 EDT" duration-ms="468" status="PASS">
          <params>
            <param index="0">
              <value>
                <![CDATA[org.testng.TestRunner@659f226a]]>
              </value>
            </param>
          </params>
          <reporter-output>
          </reporter-output>
        </test-method> <!-- setUpClass -->
        <test-method signature="runScenario(io.cucumber.testng.PickleWrapper,io.cucumber.testng.FeatureWrapper)[pri:0, instance:runner.JSRunner@4b013c76]" started-at="2026-05-16T14:38:00 EDT" name="runScenario" description="Runs Cucumber Scenarios" data-provider="scenarios" finished-at="2026-05-16T14:38:03 EDT" duration-ms="3392" status="PASS">
          <params>
            <param index="0">
              <value>
                <![CDATA["Testing JS Alert button"]]>
              </value>
            </param>
            <param index="1">
              <value>
                <![CDATA["Validating JavaScript Alerts"]]>
              </value>
            </param>
          </params>
          <reporter-output>
          </reporter-output>
        </test-method> <!-- runScenario -->
        <test-method is-config="true" signature="tearDownClass()[pri:0, instance:runner.JSRunner@4b013c76]" started-at="2026-05-16T14:38:03 EDT" name="tearDownClass" finished-at="2026-05-16T14:38:04 EDT" duration-ms="159" status="PASS">
          <reporter-output>
          </reporter-output>
        </test-method> <!-- tearDownClass -->
      </class> <!-- runner.JSRunner -->
    </test> <!-- Default test -->
  </suite> <!-- Default suite -->
</testng-results>
