<?xml version="1.0" encoding="UTF-8"?>
<!-- Generated by org.testng.reporters.JUnitReportReporter -->
<testsuite hostname="Priyanka" failures="0" tests="6" name="runner.LoginRunner" time="0.130" errors="0" timestamp="2026-05-13T14:49:59 EDT" skipped="0">
  <testcase classname="runner.LoginRunner" name="runScenario" time="0.089"/>
  <testcase classname="runner.LoginRunner" name="runScenario" time="0.006"/>
  <testcase classname="runner.LoginRunner" name="runScenario" time="0.018"/>
  <testcase classname="runner.LoginRunner" name="runScenario" time="0.007"/>
  <testcase classname="runner.LoginRunner" name="runScenario" time="0.006"/>
  <testcase classname="runner.LoginRunner" name="runScenario" time="0.004"/>
</testsuite> <!-- runner.LoginRunner -->
