<?xml version="1.0" encoding="UTF-8"?>
<!-- Generated by org.testng.reporters.JUnitReportReporter -->
<testsuite hostname="Priyanka" failures="0" tests="3" name="runner.LoginRunner" time="0.212" errors="0" timestamp="2026-05-12T18:05:13 EDT" skipped="0">
  <testcase classname="runner.LoginRunner" name="runScenario" time="0.175"/>
  <testcase classname="runner.LoginRunner" name="runScenario" time="0.010"/>
  <testcase classname="runner.LoginRunner" name="runScenario" time="0.027"/>
</testsuite> <!-- runner.LoginRunner -->
