<?xml version="1.0" encoding="UTF-8"?>
<!-- Generated by org.testng.reporters.JUnitReportReporter -->
<testsuite hostname="Priyanka" failures="0" tests="5" name="runner.JsPromptRunner" time="0.046" errors="0" timestamp="2026-05-16T15:46:02 EDT" skipped="0">
  <testcase classname="runner.JsPromptRunner" name="runScenario" time="0.041"/>
  <testcase classname="runner.JsPromptRunner" name="runScenario" time="0.001"/>
  <testcase classname="runner.JsPromptRunner" name="runScenario" time="0.002"/>
  <testcase classname="runner.JsPromptRunner" name="runScenario" time="0.001"/>
  <testcase classname="runner.JsPromptRunner" name="runScenario" time="0.001"/>
</testsuite> <!-- runner.JsPromptRunner -->
